[971699][1694137306798][main][info]["Booting Postman 10.17.4, linux-6.5.1-arch1-1 on x64"]
[971699][1694137306802][main][info]["EventBus~initialize - Success"]
[971699][1694137306806][main][info]["Proxy configuration has not been setup"]
[971699][1694137306806][main][info]["CloudProxyManager~init - Success"]
[971699][1694137306812][main][info]["performShellDataMigration: Starting shell data migration"]
[971699][1694137306813][main][info]["migrateShellData:Starting"]
[971699][1694137306838][main][info]["migrateShellData: Old storage cleaned up"]
[971699][1694137307121][main][info]["migrateShellData: Got data from shell. Writing to storage"]
[971699][1694137307133][main][info]["performShellDataMigration: Migration successful on try count 1"]
[971699][1694137307145][main][info]["UpdateHandler~init - Success"]
[971699][1694137307148][main][info]["LeaderSelection: Initialized successfully"]
[971699][1694137307150][main][info]["VersionDependencyService: Initialized successfully"]
[971699][1694137307165][main][info]["Generated root certificate for linux"]
[971699][1694137307170][main][info]["LinuxAutoUpdater~Cleanup - Initial cleanup successful"]
[971699][1694137307191][main][info]["GPU detected VID 4318 DID 7041 ACTIVE true"]
[971699][1694137307216][main][info]["shellController~init: Success"]
[971699][1694137307227][main][info]["shellMeta~init: Success"]
[971699][1694137307227][main][info]["partitionMigrationService: State of V7 partition:"]
[971699][1694137307228][main][info]["partitionMigrationService: V7 partitions",[]]
[971699][1694137307228][main][info]["partitionMigrationService~rectifyNamespaceOfScratchPadPartition: There is no partition with scratchpad namespace"]
[971699][1694137307228][main][info]["partitionMigrationService~rectifyNamespaceOfScratchPadPartition: There is no transit partition which could have been used for scratchpad"]
[971699][1694137307229][main][info]["partitionMigrationService~init: Success"]
[971699][1694137307262][main][info]["partitionMigrationService~runV8PartitionsIntegrity: Two way migration~ removing the following partitions from v8",[]]
[971699][1694137307277][main][info]["userPartitionService~_rectifyTheActivePartitionOfApplication: Setting the active partition to ",null]
[971699][1694137307288][main][info]["userPartitionService~init: Success"]
[971699][1694137307310][main][info]["userPartitionService: State of v8 partition system:"]
[971699][1694137307315][main][info]["shell~init~getPartitionToLoad: loading scratchpad partition"]
[971699][1694137307317][main][info]["userPartitionService: List of partitions:",[]]
[971699][1694137307318][main][info]["userPartitionService: users global meta:",{}]
[971699][1694137310267][main][info]["RuntimeIPCAgent~started: Success"]
[971699][1694137310818][main][info]["UpdateHandler~app-update-events - Received event",{"name":"checkForElectronVersionUpdated","namespace":"appUpdate"}]
[971699][1694137310831][main][info]["windowManager: First requester booted successfully."]
[971699][1694137310831][main][info]["windowManager~restoreWindows: Restoring requester windows"]
[971699][1694137310832][main][info]["Main~AppEvents - Received booted event for process requester.Version undefined UI Version: undefined Desktop Platform Version: 10.17.4"]
[971699][1694137313566][main][info]["VersionDependencyService: Resetting UI version as user logged out/switched account"]
[971699][1694137313567][main][info]["Main - model-events~user - (users, add) received"]
[971699][1694137314076][main][warn]["AuthHandler~open: Current app is not default protocol client - Falling back to polling mechanism."]
[971699][1694137330585][main][info]["Shell~init~loginUser: associating the user ","29601855"," with transit partition"]
[971699][1694137330586][main][info]["userPartitionService~getNewPartitionId: creating a partition with userId and teamId as 0"]
[971699][1694137330940][main][info]["userPartitionService~associateTransitPartition: ",{"partitionId":"18eeb650-d31b-43fe-bf70-3deeb586c36b","context":{"namespace":"users","userId":"29601855","teamId":"0"}}]
[971699][1694137331050][main][info]["userPartitionService: State of v8 partition system:"]
[971699][1694137331065][main][info]["userPartitionService: List of partitions:",[{"partitionId":"18eeb650-d31b-43fe-bf70-3deeb586c36b","namespace":"users","userId":"29601855","teamId":"0","lastUpdated":"2023-09-08T01:42:10.939Z"},{"partitionId":"50a47c6e-3732-4922-ab1f-8a1f62d88842","namespace":"scratchPad","userId":0,"teamId":0,"isDirty":false}]]
[971699][1694137331066][main][info]["userPartitionService: users global meta:",{}]
[971699][1694137340816][main][info]["Main~getRemoteInitPath:: "]
[971699][1694137340966][main][info]["Main - model-events~user - (user, update) received"]
[971699][1694137340967][main][info]["Main~reload: https://desktop.postman.com/?desktopVersion=10.17.4&userId=29601855&teamId=0"]
[971699][1694137341478][main][info]["UpdateHandler~app-update-events - Received event",{"name":"checkForElectronVersionUpdated","namespace":"appUpdate"}]
[971699][1694137341503][main][info]["windowManager: First requester booted successfully."]
[971699][1694137341504][main][info]["windowManager~restoreWindows: Restoring requester windows"]
[971699][1694137341504][main][info]["Main~AppEvents - Received booted event for process requester.Version 10.17.7 UI Version: 10.17.7-ui-230905-0807 Desktop Platform Version: 10.17.4"]
[971699][1694137341654][main][info]["Main~getRemoteInitPath:: "]
[971699][1694137344461][main][info]["Main~getRemoteInitPath:: "]
[971699][1694137344777][main][info]["Main - model-events~user - (user, update) received"]
[971699][1694137345251][main][info]["UpdateHandler~app-update-events - Received event",{"name":"checkForElectronVersionUpdated","namespace":"appUpdate"}]
[971699][1694137345271][main][info]["Main~AppEvents - Received booted event for process requester.Version 10.17.7 UI Version: 10.17.7-ui-230905-0807 Desktop Platform Version: 10.17.4"]
[971699][1694137345355][main][info]["Main~getRemoteInitPath:: "]
[971699][1694137345862][main][info]["INTERCEPTOR CONNECTIVITY: Attempting to start websocket server on port 15611"]
[971699][1694137346167][main][info]["Main~getPlatformLaunchPerfMetrics"]
[971699][1694137346255][main][info]["Main - model-events~user - (user, bootstrapUser) received"]
[971699][1694137346255][main][info]["model-events~user - bootstrapUser received"]
[971699][1694137346257][main][info]["Main - model-events~user - (user, bootstrapUser) received"]
[971699][1694137346257][main][info]["model-events~user - bootstrapUser received"]
[971699][1694137346293][main][info]["userPartitionService~associateTransitPartition: ",{"partitionId":"18eeb650-d31b-43fe-bf70-3deeb586c36b","context":{"namespace":"users","userId":"29601855","teamId":"0"}}]
[971699][1694137346296][main][info]["userPartitionService~associateTransitPartition: ",{"partitionId":"18eeb650-d31b-43fe-bf70-3deeb586c36b","context":{"namespace":"users","userId":"29601855","teamId":"0"}}]
[971699][1694137346335][main][info]["userPartitionService: State of v8 partition system:"]
[971699][1694137346340][main][info]["userPartitionService: State of v8 partition system:"]
[971699][1694137346347][main][info]["userPartitionService: List of partitions:",[{"partitionId":"18eeb650-d31b-43fe-bf70-3deeb586c36b","namespace":"users","userId":"29601855","teamId":"0","lastUpdated":"2023-09-08T01:42:26.296Z"},{"partitionId":"50a47c6e-3732-4922-ab1f-8a1f62d88842","namespace":"scratchPad","userId":0,"teamId":0,"isDirty":false}]]
[971699][1694137346347][main][info]["userPartitionService: users global meta:",{}]
[971699][1694137346350][main][info]["userPartitionService: List of partitions:",[{"partitionId":"18eeb650-d31b-43fe-bf70-3deeb586c36b","namespace":"users","userId":"29601855","teamId":"0","lastUpdated":"2023-09-08T01:42:26.296Z"},{"partitionId":"50a47c6e-3732-4922-ab1f-8a1f62d88842","namespace":"scratchPad","userId":0,"teamId":0,"isDirty":false}]]
[971699][1694137346350][main][info]["userPartitionService: users global meta:",{}]
[971699][1694137389212][main][info]["Main~users-list-update: ",["29601855"]]
[971699][1694137954676][main][info]["WindowManager~closeHandler - Closed Window (id: 4 )"]
[971699][1694137954694][main][error]["Main~handleUncaughtError - Uncaught errors",{"name":"TypeError","message":"Cannot read properties of undefined (reading 'send')","stack":"TypeError: Cannot read properties of undefined (reading 'send')\n    at Object.sendMessageToInterceptor (/opt/postman/app/resources/app/services/websocketServer.js:144:10)\n    at Object.requesterWindowHandler (/opt/postman/app/resources/app/services/websocketServer.js:389:14)\n    at EventEmitter.emit (node:events:402:35)\n    at EventEmitter.emit (node:domain:475:12)\n    at _dispatch (/opt/postman/app/resources/app/common/_event-bus.js:256:14)\n    at EventBus._publish (/opt/postman/app/resources/app/common/_event-bus.js:207:9)\n    at Object.closedHandler (/opt/postman/app/resources/app/services/windowManager.js:1081:18)\n    at BrowserWindow.emit (node:events:390:28)\n    at BrowserWindow.emit (node:domain:475:12)"}]
