make all --print-data-base --no-builtin-variables --no-builtin-rules --question
Makefile:19: *** target pattern contains no '%'.  Stop.

# GNU Make 4.4.1
 
# Built for x86_64-pc-linux-gnu
 
# Copyright (C) 1988-2023 Free Software Foundation, Inc.
 
# License GPLv3+: GNU GPL version 3 or later <https://gnu.org/licenses/gpl.html>
 
# This is free software: you are free to change and redistribute it.
# There is NO WARRANTY, to the extent permitted by law.
 

# Make data base, printed on Thu May  1 17:03:17 2025
 

# Variables
 

 
# makefile (from 'Makefile', line 8)
 
OBJ = $(SRC:.c=.o)
 
# environment
 
GDK_BACKEND = x11
 
# default
 
ARFLAGS := -rv
# environment
LC_ALL = C
# environment
NO_AT_BRIDGE = 1
# makefile (from 'Makefile', line 7)
SRC = st.c x.c hb.c
# default
FFLAGS := -O1
# environment
VSCODE_CRASH_REPORTER_PROCESS_TYPE = extensionHost
# environment
VSCODE_CWD = /home/elmaikina/Code/stupid
# environment
WINDOWID = 6291461
# environment
WINDOWPATH = 1
# makefile (from 'config.mk', line 20)
LIBS = -L$(X11LIB) -lm -lrt -lX11 -lutil -lXft  `$(PKG_CONFIG) --libs fontconfig`  `$(PKG_CONFIG) --libs freetype2`  `$(PKG_CONFIG) --libs harfbuzz`
# default
MAKE_COMMAND := make
# automatic
@D = $(patsubst %/,%,$(dir $@))
# makefile (from 'config.mk', line 27)
STCFLAGS = $(INCS) $(STCPPFLAGS) $(CPPFLAGS) $(CFLAGS)
# environment
VSCODE_HANDLES_UNCAUGHT_ERRORS = true
# default
.VARIABLES := 
# environment
PWD = /home/elmaikina/Code/stupid
# automatic
%D = $(patsubst %/,%,$(dir $%))
# environment
MAIL = /var/spool/mail/elmaikina
# makefile (from 'config.mk', line 13)
PKG_CONFIG = pkg-config
# environment
OLDPWD = /home/elmaikina
# automatic
^D = $(patsubst %/,%,$(dir $^))
# automatic
%F = $(notdir $%)
# environment
VSCODE_CODE_CACHE_PATH = /home/elmaikina/.config/Code/CachedData/17baf841131aa23349f217ca7c570c76ee87b957
# environment
LANG = C
# environment
XAUTHORITY = /home/elmaikina/.Xauthority
# default
.LOADED := 
# default
.INCLUDE_DIRS := /usr/local/include /usr/include
# makefile
MAKEFLAGS = pqrR -j8
# makefile
CURDIR := /home/elmaikina/Code/stupid
# environment
VSCODE_L10N_BUNDLE_LOCATION = 
# automatic
*D = $(patsubst %/,%,$(dir $*))
# makefile (from 'config.mk', line 2)
VERSION = 0.9.2
# environment
MFLAGS = -pqrR -j8
# default
.SHELLFLAGS := -ec
# automatic
+D = $(patsubst %/,%,$(dir $+))
# makefile (from 'config.mk', line 1)
MAKEFILE_LIST := Makefile config.mk
# automatic
@F = $(notdir $@)
# environment
VSCODE_PID = 5777
# environment
XDG_SESSION_TYPE = tty
# automatic
?D = $(patsubst %/,%,$(dir $?))
# environment
FREETYPE_PROPERTIES = cff:no-stem-darkening=0 autofitter:no-stem-darkening=0
# automatic
*F = $(notdir $*)
# environment
CHROME_DESKTOP = code.desktop
# environment
DBUS_SESSION_BUS_ADDRESS = unix:path=/run/user/1000/bus
# automatic
<D = $(patsubst %/,%,$(dir $<))
# environment
VSCODE_NLS_CONFIG = {"userLocale":"en-us","osLocale":"en-us","resolvedLanguage":"en","defaultMessagesFile":"/opt/visual-studio-code/resources/app/out/nls.messages.json","locale":"en-us","availableLanguages":{}}
# default
MAKE_HOST := x86_64-pc-linux-gnu
# makefile
SHELL = /bin/sh
# default
MAKECMDGOALS := all
# environment
SHLVL = 4
# environment
MAKELEVEL := 0
# default
MAKE = $(MAKE_COMMAND)
# default
FC := fort77
# environment
PATH = /usr/local/sbin:/usr/local/bin:/usr/bin:/usr/bin/site_perl:/usr/bin/vendor_perl:/usr/bin/core_perl
# default
MAKEFILES := 
# environment
MOTD_SHOWN = pam
# automatic
^F = $(notdir $^)
# makefile (from 'config.mk', line 7)
PREFIX = /usr/local
# makefile (from 'config.mk', line 16)
INCS = -I$(X11INC)  `$(PKG_CONFIG) --cflags fontconfig`  `$(PKG_CONFIG) --cflags freetype2`  `$(PKG_CONFIG) --cflags harfbuzz`        
# automatic
?F = $(notdir $?)
# environment
XDG_SEAT = seat0
# automatic
+F = $(notdir $+)
# environment
ORIGINAL_XDG_CURRENT_DESKTOP = undefined
# environment
LOGNAME = elmaikina
# makefile (from 'config.mk', line 10)
X11INC = /usr/X11R6/include
# environment
XDG_VTNR = 1
# makefile
.DEFAULT_GOAL := all
# environment
DISPLAY = :0
# environment
USER = elmaikina
# default
MAKE_VERSION := 4.4.1
# default
SCCSGETFLAGS := -s
# environment
DEBUGINFOD_URLS = https://debuginfod.archlinux.org 
# environment
_ = /usr/bin/make
# environment
XDG_RUNTIME_DIR = /run/user/1000
# default
CFLAGS := -O1
# makefile (from 'config.mk', line 26)
STCPPFLAGS = -DVERSION=\"$(VERSION)\" -D_XOPEN_SOURCE=600
# environment
XDG_SESSION_CLASS = user
# environment
HOME = /home/elmaikina
# makefile (from 'config.mk', line 8)
MANPREFIX = $(PREFIX)/share/man
# makefile (from 'config.mk', line 28)
STLDFLAGS = $(LIBS) $(LDFLAGS)
# environment
ELECTRON_RUN_AS_NODE = 1
# environment
VSCODE_IPC_HOOK = /run/user/1000/vscode-de942f24-1.99-main.sock
# environment
TERM = st-256color
# environment
XDG_SESSION_ID = 1
 
# default
.RECIPEPREFIX := 
# automatic
<F = $(notdir $<)
# default
SUFFIXES := 
# makefile (from 'config.mk', line 11)
X11LIB = /usr/X11R6/lib
# environment
VSCODE_CLI = 1
# environment
ELECTRON_NO_ATTACH_CONSOLE = 1
# default
.FEATURES := target-specific order-only second-expansion else-if shortest-stem undefine oneshell nocomment grouped-target extra-prereqs notintermediate shell-export archives jobserver jobserver-fifo output-sync check-symlink guile load
# default
CC := c99
# environment
VSCODE_ESM_ENTRYPOINT = vs/workbench/api/node/extensionHostProcess
# variable set hash-table stats:
# Load=95/1024=9%, Rehash=0, Collisions=8/113=7%

# Pattern-specific Variable Values

# No pattern-specific variable values.

# Directories

# . (device 43, inode 16392): 25 files, no impossibilities.

# 25 files, no impossibilities in 1 directories.

# Implicit Rules

# No implicit rules.

# Files

.c.o:
#  Implicit rule search has not been done.
#  Modification time never checked.
#  File has not been updated.
#  recipe to execute (from 'Makefile', line 16):
	$(CC) $(STCFLAGS) -c $<

# Not a target:
st.h:
#  Implicit rule search has not been done.
#  Modification time never checked.
#  File has not been updated.

# Not a target:
Makefile:
#  Implicit rule search has not been done.
#  Modification time never checked.
#  File has not been updated.

st.o: config.h st.h win.h
#  Implicit rule search has not been done.
#  Modification time never checked.
#  File has not been updated.

# Not a target:
.DEFAULT:
#  Implicit rule search has not been done.
#  Modification time never checked.
#  File has not been updated.

all: st
#  Command line target.
#  Implicit rule search has not been done.
#  Modification time never checked.
#  File has not been updated.

# Not a target:
config.mk:
#  Implicit rule search has not been done.
#  Modification time never checked.
#  File has not been updated.

# Not a target:
st:
#  Implicit rule search has not been done.
#  Modification time never checked.
#  File has not been updated.

config.h:
#  Implicit rule search has not been done.
#  Modification time never checked.
#  File has not been updated.
#  recipe to execute (from 'Makefile', line 13):
	cp config.def.h config.h

.POSIX:
#  Implicit rule search has not been done.
#  Modification time never checked.
#  File has not been updated.

# Not a target:
win.h:
#  Implicit rule search has not been done.
#  Modification time never checked.
#  File has not been updated.

# files hash-table stats:
# Load=12/1024=1%, Rehash=0, Collisions=0/19=0%
# VPATH Search Paths

# No 'vpath' search paths.

# No general ('VPATH' variable) search path.

# strcache buffers: 1 (0) / strings = 33 / storage = 254 B / avg = 7 B
# current buf: size = 8162 B / used = 254 B / count = 33 / avg = 7 B

# strcache performance: lookups = 52 / hit rate = 36%
# hash-table stats:
# Load=33/8192=0%, Rehash=0, Collisions=0/52=0%
# Finished Make data base on Thu May  1 17:03:17 2025

 
