Mono path[0] = '/home/elmaikina/.local/share/Steam/steamapps/common/Inscryption/Inscryption_Data/Managed'
Mono config path = '/home/elmaikina/.local/share/Steam/steamapps/common/Inscryption/Inscryption_Data/MonoBleedingEdge/etc'
Preloaded 'libsteam_api.so'
Display 0 'MStar Demo 32"': 1280x720 (primary device).
Desktop is 1280 x 720 @ 60 Hz
Initialize engine version: 2021.3.2f1 (d6360bedb9a0)
[Subsystems] Discovering subsystems at path /home/elmaikina/.local/share/Steam/steamapps/common/Inscryption/Inscryption_Data/UnitySubsystems
GfxDevice: creating device client; threaded=1; jobified=0
Renderer: NVIDIA GeForce GTX 1070/PCIe/SSE2
Vendor:   NVIDIA Corporation
Version:  4.5.0 NVIDIA 535.104.05
GLES:     0
 GL_AMD_multi_draw_indirect GL_AMD_seamless_cubemap_per_texture GL_AMD_vertex_shader_viewport_index GL_AMD_vertex_shader_layer GL_ARB_arrays_of_arrays GL_ARB_base_instance GL_ARB_bindless_texture GL_ARB_blend_func_extended GL_ARB_buffer_storage GL_ARB_clear_buffer_object GL_ARB_clear_texture GL_ARB_clip_control GL_ARB_color_buffer_float GL_ARB_compressed_texture_pixel_storage GL_ARB_conservative_depth GL_ARB_compute_shader GL_ARB_compute_variable_group_size GL_ARB_conditional_render_inverted GL_ARB_copy_buffer GL_ARB_copy_image GL_ARB_cull_distance GL_ARB_debug_output GL_ARB_depth_buffer_float GL_ARB_depth_clamp GL_ARB_depth_texture GL_ARB_derivative_control GL_ARB_direct_state_access GL_ARB_draw_buffers GL_ARB_draw_buffers_blend GL_ARB_draw_indirect GL_ARB_draw_elements_base_vertex GL_ARB_draw_instanced GL_ARB_enhanced_layouts GL_ARB_ES2_compatibility GL_ARB_ES3_compatibility GL_ARB_ES3_1_compatibility GL_ARB_ES3_2_compatibility GL_ARB_explicit_attrib_location GL_ARB_explicit_uniform_location GL_ARB_fragmen
t_coord_conventions GL_ARB_fragment_layer_viewport GL_ARB_fragment_program GL_ARB_fragment_program_shadow GL_ARB_fragment_shader GL_ARB_fragment_shader_interlock GL_ARB_framebuffer_no_attachments GL_ARB_framebuffer_object GL_ARB_framebuffer_sRGB GL_ARB_geometry_shader4 GL_ARB_get_program_binary GL_ARB_get_texture_sub_image GL_ARB_gl_spirv GL_ARB_gpu_shader5 GL_ARB_gpu_shader_fp64 GL_ARB_gpu_shader_int64 GL_ARB_half_float_pixel GL_ARB_half_float_vertex GL_ARB_imaging GL_ARB_indirect_parameters GL_ARB_instanced_arrays GL_ARB_internalformat_query GL_ARB_internalformat_query2 GL_ARB_invalidate_subdata GL_ARB_map_buffer_alignment GL_ARB_map_buffer_range GL_ARB_multi_bind GL_ARB_multi_draw_indirect GL_ARB_multisample GL_ARB_multitexture GL_ARB_occlusion_query GL_ARB_occlusion_query2 GL_ARB_parallel_shader_compile GL_ARB_pipeline_statistics_query GL_ARB_pixel_buffer_object GL_ARB_point_parameters GL_ARB_point_sprite GL_ARB_polygon_offset_clamp GL_ARB_post_depth_coverage GL_ARB_program_interface_query GL_ARB_provoki
ng_vertex GL_ARB_query_buffer_object GL_ARB_robust_buffer_access_behavior GL_ARB_robustness GL_ARB_sample_locations GL_ARB_sample_shading GL_ARB_sampler_objects GL_ARB_seamless_cube_map GL_ARB_seamless_cubemap_per_texture GL_ARB_separate_shader_objects GL_ARB_shader_atomic_counter_ops GL_ARB_shader_atomic_counters GL_ARB_shader_ballot GL_ARB_shader_bit_encoding GL_ARB_shader_clock GL_ARB_shader_draw_parameters GL_ARB_shader_group_vote GL_ARB_shader_image_load_store GL_ARB_shader_image_size GL_ARB_shader_objects GL_ARB_shader_precision GL_ARB_shader_storage_buffer_object GL_ARB_shader_subroutine GL_ARB_shader_texture_image_samples GL_ARB_shader_texture_lod GL_ARB_shading_language_100 GL_ARB_shader_viewport_layer_array GL_ARB_shading_language_420pack GL_ARB_shading_language_include GL_ARB_shading_language_packing GL_ARB_shadow GL_ARB_sparse_buffer GL_ARB_sparse_texture GL_ARB_sparse_texture2 GL_ARB_sparse_texture_clamp GL_ARB_spirv_extensions GL_ARB_stencil_texturing GL_ARB_sync GL_ARB_tessellation_shader GL_A
RB_texture_barrier GL_ARB_texture_border_clamp GL_ARB_texture_buffer_object GL_ARB_texture_buffer_object_rgb32 GL_ARB_texture_buffer_range GL_ARB_texture_compression GL_ARB_texture_compression_bptc GL_ARB_texture_compression_rgtc GL_ARB_texture_cube_map GL_ARB_texture_cube_map_array GL_ARB_texture_env_add GL_ARB_texture_env_combine GL_ARB_texture_env_crossbar GL_ARB_texture_env_dot3 GL_ARB_texture_filter_anisotropic GL_ARB_texture_filter_minmax GL_ARB_texture_float GL_ARB_texture_gather GL_ARB_texture_mirror_clamp_to_edge GL_ARB_texture_mirrored_repeat GL_ARB_texture_multisample GL_ARB_texture_non_power_of_two GL_ARB_texture_query_levels GL_ARB_texture_query_lod GL_ARB_texture_rectangle GL_ARB_texture_rg GL_ARB_texture_rgb10_a2ui GL_ARB_texture_stencil8 GL_ARB_texture_storage GL_ARB_texture_storage_multisample GL_ARB_texture_swizzle GL_ARB_texture_view GL_ARB_timer_query GL_ARB_transform_feedback2 GL_ARB_transform_feedback3 GL_ARB_transform_feedback_instanced GL_ARB_transform_feedback_overflow_query GL_ARB_t
ranspose_matrix GL_ARB_uniform_buffer_object GL_ARB_vertex_array_bgra GL_ARB_vertex_array_object GL_ARB_vertex_attrib_64bit GL_ARB_vertex_attrib_binding GL_ARB_vertex_buffer_object GL_ARB_vertex_program GL_ARB_vertex_shader GL_ARB_vertex_type_10f_11f_11f_rev GL_ARB_vertex_type_2_10_10_10_rev GL_ARB_viewport_array GL_ARB_window_pos GL_ATI_draw_buffers GL_ATI_texture_float GL_ATI_texture_mirror_once GL_S3_s3tc GL_EXT_texture_env_add GL_EXT_abgr GL_EXT_bgra GL_EXT_bindable_uniform GL_EXT_blend_color GL_EXT_blend_equation_separate GL_EXT_blend_func_separate GL_EXT_blend_minmax GL_EXT_blend_subtract GL_EXT_compiled_vertex_array GL_EXT_Cg_shader GL_EXT_depth_bounds_test GL_EXT_direct_state_access GL_EXT_draw_buffers2 GL_EXT_draw_instanced GL_EXT_draw_range_elements GL_EXT_fog_coord GL_EXT_framebuffer_blit GL_EXT_framebuffer_multisample GL_EXTX_framebuffer_mixed_formats GL_EXT_framebuffer_multisample_blit_scaled GL_EXT_framebuffer_object GL_EXT_framebuffer_sRGB GL_EXT_geometry_shader4 GL_EXT_gpu_program_parameters 
GL_EXT_gpu_shader4 GL_EXT_multi_draw_arrays GL_EXT_multiview_texture_multisample GL_EXT_multiview_timer_query GL_EXT_packed_depth_stencil GL_EXT_packed_float GL_EXT_packed_pixels GL_EXT_pixel_buffer_object GL_EXT_point_parameters GL_EXT_polygon_offset_clamp GL_EXT_post_depth_coverage GL_EXT_provoking_vertex GL_EXT_raster_multisample GL_EXT_rescale_normal GL_EXT_secondary_color GL_EXT_separate_shader_objects GL_EXT_separate_specular_color GL_EXT_shader_image_load_formatted GL_EXT_shader_image_load_store GL_EXT_shader_integer_mix GL_EXT_shadow_funcs GL_EXT_sparse_texture2 GL_EXT_stencil_two_side GL_EXT_stencil_wrap GL_EXT_texture3D GL_EXT_texture_array GL_EXT_texture_buffer_object GL_EXT_texture_compression_dxt1 GL_EXT_texture_compression_latc GL_EXT_texture_compression_rgtc GL_EXT_texture_compression_s3tc GL_EXT_texture_cube_map GL_EXT_texture_edge_clamp GL_EXT_texture_env_combine GL_EXT_texture_env_dot3 GL_EXT_texture_filter_anisotropic GL_EXT_texture_filter_minmax GL_EXT_texture_integer GL_EXT_texture_lod G
L_EXT_texture_lod_bias GL_EXT_texture_mirror_clamp GL_EXT_texture_object GL_EXT_texture_shadow_lod GL_EXT_texture_shared_exponent GL_EXT_texture_sRGB GL_EXT_texture_sRGB_R8 GL_EXT_texture_sRGB_decode GL_EXT_texture_storage GL_EXT_texture_swizzle GL_EXT_timer_query GL_EXT_transform_feedback2 GL_EXT_vertex_array GL_EXT_vertex_array_bgra GL_EXT_vertex_attrib_64bit GL_EXT_window_rectangles GL_EXT_import_sync_object GL_NV_robustness_video_memory_purge GL_IBM_rasterpos_clip GL_IBM_texture_mirrored_repeat GL_KHR_context_flush_control GL_KHR_debug GL_EXT_memory_object GL_EXT_memory_object_fd GL_NV_memory_object_sparse GL_KHR_parallel_shader_compile GL_KHR_no_error GL_KHR_robust_buffer_access_behavior GL_KHR_robustness GL_EXT_semaphore GL_EXT_semaphore_fd GL_NV_timeline_semaphore GL_KHR_shader_subgroup GL_KTX_buffer_region GL_NV_alpha_to_coverage_dither_control GL_NV_bindless_multi_draw_indirect GL_NV_bindless_multi_draw_indirect_count GL_NV_bindless_texture GL_NV_blend_equation_advanced GL_NV_blend_equation_advanced
_coherent GL_NVX_blend_equation_advanced_multi_draw_buffers GL_NV_blend_minmax_factor GL_NV_blend_square GL_NV_clip_space_w_scaling GL_NV_command_list GL_NV_compute_program5 GL_NV_conditional_render GL_NV_conservative_raster GL_NV_conservative_raster_dilate GL_NV_conservative_raster_pre_snap_triangles GL_NV_copy_depth_to_color GL_NV_copy_image GL_NV_depth_buffer_float GL_NV_depth_clamp GL_NV_draw_texture GL_NV_draw_vulkan_image GL_NV_ES1_1_compatibility GL_NV_ES3_1_compatibility GL_NV_explicit_multisample GL_NV_feature_query GL_NV_fence GL_NV_fill_rectangle GL_NV_float_buffer GL_NV_fog_distance GL_NV_fragment_coverage_to_color GL_NV_fragment_program GL_NV_fragment_program_option GL_NV_fragment_program2 GL_NV_fragment_shader_interlock GL_NV_framebuffer_mixed_samples GL_NV_framebuffer_multisample_coverage GL_NV_geometry_shader4 GL_NV_geometry_shader_passthrough GL_NV_gpu_program4 GL_NV_internalformat_sample_query GL_NV_gpu_program4_1 GL_NV_gpu_program5 GL_NV_gpu_program5_mem_extended GL_NV_gpu_program_fp64 GL_
NV_gpu_shader5 GL_NV_half_float GL_NV_light_max_exponent GL_NV_memory_attachment GL_NV_multisample_coverage GL_NV_multisample_filter_hint GL_NV_occlusion_query GL_NV_packed_depth_stencil GL_NV_parameter_buffer_object GL_NV_parameter_buffer_object2 GL_NV_path_rendering GL_NV_path_rendering_shared_edge GL_NV_pixel_data_range GL_NV_point_sprite GL_NV_primitive_restart GL_NV_query_resource GL_NV_query_resource_tag GL_NV_register_combiners GL_NV_register_combiners2 GL_NV_sample_locations GL_NV_sample_mask_override_coverage GL_NV_shader_atomic_counters GL_NV_shader_atomic_float GL_NV_shader_atomic_float64 GL_NV_shader_atomic_fp16_vector GL_NV_shader_atomic_int64 GL_NV_shader_buffer_load GL_NV_shader_storage_buffer_object GL_NV_shader_subgroup_partitioned GL_NV_stereo_view_rendering GL_NV_texgen_reflection GL_NV_texture_barrier GL_NV_texture_compression_vtc GL_NV_texture_env_combine4 GL_NV_texture_multisample GL_NV_texture_rectangle GL_NV_texture_rectangle_compressed GL_NV_texture_shader GL_NV_texture_shader2 GL_NV
_texture_shader3 GL_NV_transform_feedback GL_NV_transform_feedback2 GL_NV_uniform_buffer_unified_memory GL_NV_uniform_buffer_std430_layout GL_NV_vdpau_interop GL_NV_vdpau_interop2 GL_NV_vertex_array_range GL_NV_vertex_array_range2 GL_NV_vertex_attrib_integer_64bit GL_NV_vertex_buffer_unified_memory GL_NV_vertex_program GL_NV_vertex_program1_1 GL_NV_vertex_program2 GL_NV_vertex_program2_option GL_NV_vertex_program3 GL_NV_viewport_array2 GL_NV_viewport_swizzle GL_NVX_conditional_render GL_NV_gpu_multicast GL_NVX_progress_fence GL_NVX_gpu_memory_info GL_NVX_nvenc_interop GL_NV_shader_thread_group GL_NV_shader_thread_shuffle GL_KHR_blend_equation_advanced GL_KHR_blend_equation_advanced_coherent GL_OVR_multiview GL_OVR_multiview2 GL_SGIS_generate_mipmap GL_SGIS_texture_lod GL_SGIX_depth_texture GL_SGIX_shadow GL_SUN_slice_accum
OPENGL LOG: Creating OpenGL 4.5 graphics device ; Context level  <OpenGL 4.5> ; Context handle 34250152
Begin MonoManager ReloadAssembly
- Completed reload, in  0.100 seconds
Default vsync count 0
requesting resize 1920 x 1080
Using native desktop resolution 1280 x 720
requesting fullscreen 1280 x 720 at 0 Hz
Desktop is 1280 x 720 @ 60 Hz
UnloadTime: 1.111898 ms
Odin Serializer ArchitectureInfo initialization with defaults (all unaligned read/writes disabled).
Odin Serializer detected whitelisted runtime platform LinuxPlayer and memory read test succeeded; enabling all unaligned memory read/writes.
[S_API] SteamAPI_Init(): Loaded '/home/elmaikina/.local/share/Steam/linux64/steamclient.so' OK.
Setting breakpad minidump AppID = 1092790
SteamInternal_SetMinidumpSteamID:  Caching Steam ID:  76561198150098529 [API loaded no]
Test save file:
DiskCardGame.StoryEventsData
Received stats and achievements from Steam
Test save file:
DiskCardGame.StoryEventsData
Unloading 6 Unused Serialized files (Serialized files now loaded: 0)
UnloadTime: 16.891240 ms
Unloading 156 unused Assets to reduce memory usage. Loaded Objects now: 13626.
Total: 25.989487 ms (FindLiveObjects: 0.793359 ms CreateObjectMapping: 0.180386 ms MarkObjects: 24.550391 ms  DeleteObjects: 0.464415 ms)

Unloading 5 Unused Serialized files (Serialized files now loaded: 0)
UnloadTime: 7.188548 ms
Unloading 594 unused Assets to reduce memory usage. Loaded Objects now: 77961.
Total: 53.871593 ms (FindLiveObjects: 4.491511 ms CreateObjectMapping: 3.539226 ms MarkObjects: 44.933870 ms  DeleteObjects: 0.906206 ms)

Unloading 6 Unused Serialized files (Serialized files now loaded: 0)
UnloadTime: 19.938935 ms
Unloading 2197 unused Assets to reduce memory usage. Loaded Objects now: 77175.
Total: 55.785625 ms (FindLiveObjects: 4.562546 ms CreateObjectMapping: 4.470689 ms MarkObjects: 43.719477 ms  DeleteObjects: 3.032068 ms)

DiskCardGame.CardInfo must be instantiated using the ScriptableObject.CreateInstance method instead of new CardInfo.
Unloading 5 Unused Serialized files (Serialized files now loaded: 0)
UnloadTime: 11.830490 ms
Unloading 1158 unused Assets to reduce memory usage. Loaded Objects now: 76687.
Total: 55.923064 ms (FindLiveObjects: 4.783321 ms CreateObjectMapping: 4.017146 ms MarkObjects: 45.516527 ms  DeleteObjects: 1.605161 ms)

DiskCardGame.TotemTopData must be instantiated using the ScriptableObject.CreateInstance method instead of new TotemTopData.
DiskCardGame.TotemBottomData must be instantiated using the ScriptableObject.CreateInstance method instead of new TotemBottomData.
DiskCardGame.TotemBottomData must be instantiated using the ScriptableObject.CreateInstance method instead of new TotemBottomData.
DiskCardGame.TotemBottomData must be instantiated using the ScriptableObject.CreateInstance method instead of new TotemBottomData.
DiskCardGame.TotemItemData must be instantiated using the ScriptableObject.CreateInstance method instead of new TotemItemData.
DiskCardGame.TotemItemData must be instantiated using the ScriptableObject.CreateInstance method instead of new TotemItemData.
DiskCardGame.TotemTopData must be instantiated using the ScriptableObject.CreateInstance method instead of new TotemTopData.
DiskCardGame.TotemBottomData must be instantiated using the ScriptableObject.CreateInstance method instead of new TotemBottomData.
DiskCardGame.TotemItemData must be instantiated using the ScriptableObject.CreateInstance method instead of new TotemItemData.
DiskCardGame.TotemTopData must be instantiated using the ScriptableObject.CreateInstance method instead of new TotemTopData.
DiskCardGame.TotemBottomData must be instantiated using the ScriptableObject.CreateInstance method instead of new TotemBottomData.
DiskCardGame.TotemTopData must be instantiated using the ScriptableObject.CreateInstance method instead of new TotemTopData.
DiskCardGame.TotemBottomData must be instantiated using the ScriptableObject.CreateInstance method instead of new TotemBottomData.
DiskCardGame.TotemTopData must be instantiated using the ScriptableObject.CreateInstance method instead of new TotemTopData.
DiskCardGame.TotemBottomData must be instantiated using the ScriptableObject.CreateInstance method instead of new TotemBottomData.
DiskCardGame.TotemBottomData must be instantiated using the ScriptableObject.CreateInstance method instead of new TotemBottomData.
DiskCardGame.TotemItemData must be instantiated using the ScriptableObject.CreateInstance method instead of new TotemItemData.
DiskCardGame.TotemItemData must be instantiated using the ScriptableObject.CreateInstance method instead of new TotemItemData.
DiskCardGame.TotemTopData must be instantiated using the ScriptableObject.CreateInstance method instead of new TotemTopData.
DiskCardGame.TotemBottomData must be instantiated using the ScriptableObject.CreateInstance method instead of new TotemBottomData.
DiskCardGame.TotemItemData must be instantiated using the ScriptableObject.CreateInstance method instead of new TotemItemData.
DiskCardGame.TotemTopData must be instantiated using the ScriptableObject.CreateInstance method instead of new TotemTopData.
DiskCardGame.TotemBottomData must be instantiated using the ScriptableObject.CreateInstance method instead of new TotemBottomData.
DiskCardGame.TotemItemData must be instantiated using the ScriptableObject.CreateInstance method instead of new TotemItemData.
DiskCardGame.TotemTopData must be instantiated using the ScriptableObject.CreateInstance method instead of new TotemTopData.
DiskCardGame.TotemBottomData must be instantiated using the ScriptableObject.CreateInstance method instead of new TotemBottomData.
StoreStats - success
Achievement 'STORY_PROGRESS_3' unlocked!
BoxColliders does not support negative scale or size.
The effective box size has been forced positive and is likely to give unexpected collision geometry.
If you absolutely need to use negative scaling you can use the convex MeshCollider. Scene hierarchy path "Card (Mantis)/Quad/CardBase/CardAbilityIcons_Invisible/DefaultIcons_1Ability"
BoxColliders does not support negative scale or size.
The effective box size has been forced positive and is likely to give unexpected collision geometry.
If you absolutely need to use negative scaling you can use the convex MeshCollider. Scene hierarchy path "Card (Mantis)/Quad/CardBase/CardAbilityIcons_Invisible/DefaultIcons_1Ability"
BoxColliders does not support negative scale or size.
The effective box size has been forced positive and is likely to give unexpected collision geometry.
If you absolutely need to use negative scaling you can use the convex MeshCollider. Scene hierarchy path "GameTable/CardBattle/Board/OpponentSlots/CardSlot (2)/Card (Mantis)/Quad/CardBase/CardAbilityIcons_Invisible/DefaultIcons_1Ability"
StoreStats - success
Achievement 'PART1_ANGLER' unlocked!
Achievement 'STORY_PROGRESS_4' unlocked!
StoreStats - success
StoreStats - success
Achievement 'STORY_PROGRESS_5' unlocked!
DiskCardGame.CardInfo must be instantiated using the ScriptableObject.CreateInstance method instead of new CardInfo.
DiskCardGame.CardInfo must be instantiated using the ScriptableObject.CreateInstance method instead of new CardInfo.
DiskCardGame.CardInfo must be instantiated using the ScriptableObject.CreateInstance method instead of new CardInfo.
DiskCardGame.CardInfo must be instantiated using the ScriptableObject.CreateInstance method instead of new CardInfo.
BoxColliders does not support negative scale or size.
The effective box size has been forced positive and is likely to give unexpected collision geometry.
If you absolutely need to use negative scaling you can use the convex MeshCollider. Scene hierarchy path "GameTable/CardBattle/Board/OpponentSlots/CardSlot (1)/Card (Adder)/Quad/CardBase/CardAbilityIcons_Invisible/CardMergeIcon_1"
StoreStats - success
Achievement 'PART1_TRAPPERTRADER' unlocked!
Unloading 5 Unused Serialized files (Serialized files now loaded: 0)
UnloadTime: 13.502000 ms
Unloading 7841 unused Assets to reduce memory usage. Loaded Objects now: 66063.
Total: 57.642683 ms (FindLiveObjects: 4.504538 ms CreateObjectMapping: 4.390283 ms MarkObjects: 35.445723 ms  DeleteObjects: 13.301324 ms)

DiskCardGame.CardInfo must be instantiated using the ScriptableObject.CreateInstance method instead of new CardInfo.
DiskCardGame.CardInfo must be instantiated using the ScriptableObject.CreateInstance method instead of new CardInfo.
DiskCardGame.CardInfo must be instantiated using the ScriptableObject.CreateInstance method instead of new CardInfo.
DiskCardGame.CardInfo must be instantiated using the ScriptableObject.CreateInstance method instead of new CardInfo.
DiskCardGame.CardInfo must be instantiated using the ScriptableObject.CreateInstance method instead of new CardInfo.
DiskCardGame.CardInfo must be instantiated using the ScriptableObject.CreateInstance method instead of new CardInfo.
Unloading 5 Unused Serialized files (Serialized files now loaded: 0)
UnloadTime: 6.824697 ms
Unloading 264 unused Assets to reduce memory usage. Loaded Objects now: 76116.
Total: 54.019596 ms (FindLiveObjects: 4.234085 ms CreateObjectMapping: 4.200120 ms MarkObjects: 44.974976 ms  DeleteObjects: 0.609725 ms)

DiskCardGame.TotemItemData must be instantiated using the ScriptableObject.CreateInstance method instead of new TotemItemData.
DiskCardGame.TotemTopData must be instantiated using the ScriptableObject.CreateInstance method instead of new TotemTopData.
DiskCardGame.TotemBottomData must be instantiated using the ScriptableObject.CreateInstance method instead of new TotemBottomData.
DiskCardGame.CardInfo must be instantiated using the ScriptableObject.CreateInstance method instead of new CardInfo.
DiskCardGame.CardInfo must be instantiated using the ScriptableObject.CreateInstance method instead of new CardInfo.
BoxColliders does not support negative scale or size.
The effective box size has been forced positive and is likely to give unexpected collision geometry.
If you absolutely need to use negative scaling you can use the convex MeshCollider. Scene hierarchy path "Card (Mantis God)/Quad/CardBase/CardAbilityIcons_Invisible/DefaultIcons_1Ability"
Unloading 6 Unused Serialized files (Serialized files now loaded: 0)
UnloadTime: 11.652057 ms
Unloading 1082 unused Assets to reduce memory usage. Loaded Objects now: 77163.
Total: 56.139348 ms (FindLiveObjects: 4.393298 ms CreateObjectMapping: 4.248017 ms MarkObjects: 45.932811 ms  DeleteObjects: 1.564408 ms)

DiskCardGame.CardInfo must be instantiated using the ScriptableObject.CreateInstance method instead of new CardInfo.
Unloading 5 Unused Serialized files (Serialized files now loaded: 0)
UnloadTime: 14.935945 ms
Unloading 1254 unused Assets to reduce memory usage. Loaded Objects now: 76399.
Total: 57.191828 ms (FindLiveObjects: 5.097592 ms CreateObjectMapping: 4.380551 ms MarkObjects: 45.675696 ms  DeleteObjects: 2.037090 ms)

BoxColliders does not support negative scale or size.
The effective box size has been forced positive and is likely to give unexpected collision geometry.
If you absolutely need to use negative scaling you can use the convex MeshCollider. Scene hierarchy path "Card (Mantis)/Quad/CardBase/CardAbilityIcons_Invisible/DefaultIcons_1Ability"
DiskCardGame.TotemTopData must be instantiated using the ScriptableObject.CreateInstance method instead of new TotemTopData.
DiskCardGame.TotemTopData must be instantiated using the ScriptableObject.CreateInstance method instead of new TotemTopData.
DiskCardGame.TotemBottomData must be instantiated using the ScriptableObject.CreateInstance method instead of new TotemBottomData.
DiskCardGame.TotemBottomData must be instantiated using the ScriptableObject.CreateInstance method instead of new TotemBottomData.
DiskCardGame.TotemItemData must be instantiated using the ScriptableObject.CreateInstance method instead of new TotemItemData.
DiskCardGame.TotemItemData must be instantiated using the ScriptableObject.CreateInstance method instead of new TotemItemData.
DiskCardGame.TotemTopData must be instantiated using the ScriptableObject.CreateInstance method instead of new TotemTopData.
DiskCardGame.TotemBottomData must be instantiated using the ScriptableObject.CreateInstance method instead of new TotemBottomData.
DiskCardGame.TotemItemData must be instantiated using the ScriptableObject.CreateInstance method instead of new TotemItemData.
DiskCardGame.TotemTopData must be instantiated using the ScriptableObject.CreateInstance method instead of new TotemTopData.
DiskCardGame.TotemBottomData must be instantiated using the ScriptableObject.CreateInstance method instead of new TotemBottomData.
Unloading 6 Unused Serialized files (Serialized files now loaded: 0)
UnloadTime: 15.279930 ms
Unloading 4223 unused Assets to reduce memory usage. Loaded Objects now: 77230.
Total: 64.164333 ms (FindLiveObjects: 4.590562 ms CreateObjectMapping: 4.008028 ms MarkObjects: 49.161137 ms  DeleteObjects: 6.403595 ms)

DiskCardGame.CardInfo must be instantiated using the ScriptableObject.CreateInstance method instead of new CardInfo.
Unloading 5 Unused Serialized files (Serialized files now loaded: 0)
UnloadTime: 10.988096 ms
Unloading 1520 unused Assets to reduce memory usage. Loaded Objects now: 76450.
Total: 56.167146 ms (FindLiveObjects: 4.774123 ms CreateObjectMapping: 4.332333 ms MarkObjects: 44.356050 ms  DeleteObjects: 2.703717 ms)

DiskCardGame.TotemTopData must be instantiated using the ScriptableObject.CreateInstance method instead of new TotemTopData.
DiskCardGame.TotemTopData must be instantiated using the ScriptableObject.CreateInstance method instead of new TotemTopData.
DiskCardGame.TotemBottomData must be instantiated using the ScriptableObject.CreateInstance method instead of new TotemBottomData.
DiskCardGame.TotemBottomData must be instantiated using the ScriptableObject.CreateInstance method instead of new TotemBottomData.
DiskCardGame.TotemTopData must be instantiated using the ScriptableObject.CreateInstance method instead of new TotemTopData.
DiskCardGame.TotemTopData must be instantiated using the ScriptableObject.CreateInstance method instead of new TotemTopData.
DiskCardGame.TotemTopData must be instantiated using the ScriptableObject.CreateInstance method instead of new TotemTopData.
DiskCardGame.TotemBottomData must be instantiated using the ScriptableObject.CreateInstance method instead of new TotemBottomData.
DiskCardGame.TotemBottomData must be instantiated using the ScriptableObject.CreateInstance method instead of new TotemBottomData.
DiskCardGame.TotemItemData must be instantiated using the ScriptableObject.CreateInstance method instead of new TotemItemData.
DiskCardGame.TotemItemData must be instantiated using the ScriptableObject.CreateInstance method instead of new TotemItemData.
DiskCardGame.TotemTopData must be instantiated using the ScriptableObject.CreateInstance method instead of new TotemTopData.
DiskCardGame.TotemBottomData must be instantiated using the ScriptableObject.CreateInstance method instead of new TotemBottomData.
DiskCardGame.TotemTopData must be instantiated using the ScriptableObject.CreateInstance method instead of new TotemTopData.
DiskCardGame.TotemTopData must be instantiated using the ScriptableObject.CreateInstance method instead of new TotemTopData.
DiskCardGame.TotemBottomData must be instantiated using the ScriptableObject.CreateInstance method instead of new TotemBottomData.
DiskCardGame.TotemTopData must be instantiated using the ScriptableObject.CreateInstance method instead of new TotemTopData.
DiskCardGame.TotemBottomData must be instantiated using the ScriptableObject.CreateInstance method instead of new TotemBottomData.
DiskCardGame.TotemBottomData must be instantiated using the ScriptableObject.CreateInstance method instead of new TotemBottomData.
DiskCardGame.TotemItemData must be instantiated using the ScriptableObject.CreateInstance method instead of new TotemItemData.
DiskCardGame.TotemItemData must be instantiated using the ScriptableObject.CreateInstance method instead of new TotemItemData.
DiskCardGame.TotemTopData must be instantiated using the ScriptableObject.CreateInstance method instead of new TotemTopData.
DiskCardGame.TotemBottomData must be instantiated using the ScriptableObject.CreateInstance method instead of new TotemBottomData.
DiskCardGame.TotemItemData must be instantiated using the ScriptableObject.CreateInstance method instead of new TotemItemData.
DiskCardGame.TotemTopData must be instantiated using the ScriptableObject.CreateInstance method instead of new TotemTopData.
DiskCardGame.TotemBottomData must be instantiated using the ScriptableObject.CreateInstance method instead of new TotemBottomData.
DiskCardGame.TotemItemData must be instantiated using the ScriptableObject.CreateInstance method instead of new TotemItemData.
DiskCardGame.TotemTopData must be instantiated using the ScriptableObject.CreateInstance method instead of new TotemTopData.
DiskCardGame.TotemBottomData must be instantiated using the ScriptableObject.CreateInstance method instead of new TotemBottomData.
Unloading 6 Unused Serialized files (Serialized files now loaded: 0)
UnloadTime: 16.729404 ms
Unloading 5840 unused Assets to reduce memory usage. Loaded Objects now: 77287.
Total: 49.444566 ms (FindLiveObjects: 4.822927 ms CreateObjectMapping: 4.414838 ms MarkObjects: 30.865805 ms  DeleteObjects: 9.340057 ms)

DiskCardGame.CardInfo must be instantiated using the ScriptableObject.CreateInstance method instead of new CardInfo.
Unloading 5 Unused Serialized files (Serialized files now loaded: 0)
UnloadTime: 10.922196 ms
Unloading 1459 unused Assets to reduce memory usage. Loaded Objects now: 76464.
Total: 62.335615 ms (FindLiveObjects: 5.217433 ms CreateObjectMapping: 4.812406 ms MarkObjects: 49.319509 ms  DeleteObjects: 2.985359 ms)

Setting up 8 worker threads for Enlighten.
Memory Statistics:
[ALLOC_TEMP_TLS] TLS Allocator
  StackAllocators : 
    [ALLOC_TEMP_MAIN]
      Peak usage frame count: [2.0 KB-4.0 KB]: 448 frames, [8.0 KB-16.0 KB]: 11310 frames, [16.0 KB-32.0 KB]: 283811 frames, [32.0 KB-64.0 KB]: 582313 frames, [64.0 KB-128.0 KB]: 103040 frames, [128.0 KB-256.0 KB]: 774 frames, [256.0 KB-0.5 MB]: 7 frames, [1.0 MB-2.0 MB]: 5 frames, [2.0 MB-4.0 MB]: 13 frames, [4.0 MB-8.0 MB]: 14 frames
      Initial Block Size 4.0 MB
      Current Block Size 8.0 MB
      Peak Allocated Bytes 8.0 MB
      Overflow Count 58
    [ALLOC_TEMP_Loading.AsyncRead]
      Initial Block Size 64.0 KB
      Current Block Size 64.0 KB
      Peak Allocated Bytes 256 B
      Overflow Count 0
    [ALLOC_TEMP_Loading.PreloadManager]
      Initial Block Size 256.0 KB
      Current Block Size 0.5 MB
      Peak Allocated Bytes 503.9 KB
      Overflow Count 11724
    [ALLOC_TEMP_Background Job.Worker 8]
      Initial Block Size 32.0 KB
      Current Block Size 32.0 KB
      Peak Allocated Bytes 0 B
      Overflow Count 0
    [ALLOC_TEMP_Job.Worker 6]
      Initial Block Size 256.0 KB
      Current Block Size 256.0 KB
      Peak Allocated Bytes 32.3 KB
      Overflow Count 0
    [ALLOC_TEMP_Job.Worker 0]
      Initial Block Size 256.0 KB
      Current Block Size 256.0 KB
      Peak Allocated Bytes 15.1 KB
      Overflow Count 0
    [ALLOC_TEMP_Background Job.Worker 10]
      Initial Block Size 32.0 KB
      Current Block Size 32.0 KB
      Peak Allocated Bytes 0 B
      Overflow Count 0
    [ALLOC_TEMP_Background Job.Worker 9]
      Initial Block Size 32.0 KB
      Current Block Size 32.0 KB
      Peak Allocated Bytes 0 B
      Overflow Count 0
    [ALLOC_TEMP_Job.Worker 5]
      Initial Block Size 256.0 KB
      Current Block Size 256.0 KB
      Peak Allocated Bytes 15.1 KB
      Overflow Count 0
    [ALLOC_TEMP_Background Job.Worker 14]
      Initial Block Size 32.0 KB
      Current Block Size 32.0 KB
      Peak Allocated Bytes 0 B
      Overflow Count 0
    [ALLOC_TEMP_Background Job.Worker 6]
      Initial Block Size 32.0 KB
      Current Block Size 32.0 KB
      Peak Allocated Bytes 0 B
      Overflow Count 0
    [ALLOC_TEMP_Job.Worker 4]
      Initial Block Size 256.0 KB
      Current Block Size 256.0 KB
      Peak Allocated Bytes 15.1 KB
      Overflow Count 0
    [ALLOC_TEMP_Job.Worker 14]
      Initial Block Size 256.0 KB
      Current Block Size 256.0 KB
      Peak Allocated Bytes 32.3 KB
      Overflow Count 0
    [ALLOC_TEMP_Job.Worker 3]
      Initial Block Size 256.0 KB
      Current Block Size 256.0 KB
      Peak Allocated Bytes 15.1 KB
      Overflow Count 0
    [ALLOC_TEMP_Job.Worker 13]
      Initial Block Size 256.0 KB
      Current Block Size 256.0 KB
      Peak Allocated Bytes 15.1 KB
      Overflow Count 0
    [ALLOC_TEMP_Background Job.Worker 12]
      Initial Block Size 32.0 KB
      Current Block Size 32.0 KB
      Peak Allocated Bytes 0 B
      Overflow Count 0
    [ALLOC_TEMP_EnlightenWorker] x 8
      Initial Block Size 64.0 KB
      Current Block Size 64.0 KB
      Peak Allocated Bytes 0 B
      Overflow Count 0
    [ALLOC_TEMP_Background Job.Worker 15]
      Initial Block Size 32.0 KB
      Current Block Size 32.0 KB
      Peak Allocated Bytes 0 B
      Overflow Count 0
    [ALLOC_TEMP_Background Job.Worker 1]
      Initial Block Size 32.0 KB
      Current Block Size 32.0 KB
      Peak Allocated Bytes 0 B
      Overflow Count 0
    [ALLOC_TEMP_Background Job.Worker 2]
      Initial Block Size 32.0 KB
      Current Block Size 32.0 KB
      Peak Allocated Bytes 0 B
      Overflow Count 0
    [ALLOC_TEMP_Background Job.Worker 7]
      Initial Block Size 32.0 KB
      Current Block Size 32.0 KB
      Peak Allocated Bytes 0 B
      Overflow Count 0
    [ALLOC_TEMP_UnityGfxDeviceWorker]
      Initial Block Size 256.0 KB
      Current Block Size 360.0 KB
      Peak Allocated Bytes 356.4 KB
      Overflow Count 0
    [ALLOC_TEMP_AssetGarbageCollectorHelper] x 15
      Initial Block Size 64.0 KB
      Current Block Size 64.0 KB
      Peak Allocated Bytes 0 B
      Overflow Count 0
    [ALLOC_TEMP_Background Job.Worker 5]
      Initial Block Size 32.0 KB
      Current Block Size 32.0 KB
      Peak Allocated Bytes 0 B
      Overflow Count 0
    [ALLOC_TEMP_Job.Worker 9]
      Initial Block Size 256.0 KB
      Current Block Size 256.0 KB
      Peak Allocated Bytes 32.3 KB
      Overflow Count 0
    [ALLOC_TEMP_Background Job.Worker 13]
      Initial Block Size 32.0 KB
      Current Block Size 32.0 KB
      Peak Allocated Bytes 0 B
      Overflow Count 0
    [ALLOC_TEMP_Job.Worker 8]
      Initial Block Size 256.0 KB
      Current Block Size 256.0 KB
      Peak Allocated Bytes 15.1 KB
      Overflow Count 0
    [ALLOC_TEMP_Job.Worker 7]
      Initial Block Size 256.0 KB
      Current Block Size 256.0 KB
      Peak Allocated Bytes 15.1 KB
      Overflow Count 0
    [ALLOC_TEMP_Job.Worker 1]
      Initial Block Size 256.0 KB
      Current Block Size 256.0 KB
      Peak Allocated Bytes 15.1 KB
      Overflow Count 0
    [ALLOC_TEMP_Job.Worker 2]
      Initial Block Size 256.0 KB
      Current Block Size 256.0 KB
      Peak Allocated Bytes 32.3 KB
      Overflow Count 0
    [ALLOC_TEMP_Background Job.Worker 3]
      Initial Block Size 32.0 KB
      Current Block Size 32.0 KB
      Peak Allocated Bytes 0 B
      Overflow Count 0
    [ALLOC_TEMP_Background Job.Worker 11]
      Initial Block Size 32.0 KB
      Current Block Size 32.0 KB
      Peak Allocated Bytes 0 B
      Overflow Count 0
    [ALLOC_TEMP_Job.Worker 10]
      Initial Block Size 256.0 KB
      Current Block Size 256.0 KB
      Peak Allocated Bytes 15.1 KB
      Overflow Count 0
    [ALLOC_TEMP_Background Job.Worker 0]
      Initial Block Size 32.0 KB
      Current Block Size 32.0 KB
      Peak Allocated Bytes 0 B
      Overflow Count 0
    [ALLOC_TEMP_Job.Worker 11]
      Initial Block Size 256.0 KB
      Current Block Size 256.0 KB
      Peak Allocated Bytes 15.1 KB
      Overflow Count 0
    [ALLOC_TEMP_Job.Worker 12]
      Initial Block Size 256.0 KB
      Current Block Size 256.0 KB
      Peak Allocated Bytes 32.3 KB
      Overflow Count 0
    [ALLOC_TEMP_Background Job.Worker 4]
      Initial Block Size 32.0 KB
      Current Block Size 32.0 KB
      Peak Allocated Bytes 0 B
      Overflow Count 0
    [ALLOC_TEMP_BatchDeleteObjects]
      Initial Block Size 64.0 KB
      Current Block Size 64.0 KB
      Peak Allocated Bytes 0 B
      Overflow Count 0
[ALLOC_DEFAULT] Dual Thread Allocator
  Peak main deferred allocation count 41591
    [ALLOC_BUCKET]
      Large Block size 4.0 MB
      Used Block count 1
      Peak Allocated bytes 4.0 MB
      Failed Allocations. Bucket layout:
        16B: 4 Subsections = 4096 buckets. Failed count: 13817053
        32B: 5 Subsections = 2560 buckets. Failed count: 3497223
        48B: 33 Subsections = 11264 buckets. Failed count: 39388673
        64B: 117 Subsections = 29952 buckets. Failed count: 7354573
        80B: 91 Subsections = 18636 buckets. Failed count: 170501
        96B: 4 Subsections = 682 buckets. Failed count: 11139278
        112B: 1 Subsections = 146 buckets. Failed count: 631172
        128B: 1 Subsections = 128 buckets. Failed count: 2508120
    [ALLOC_DEFAULT_MAIN]
      Peak usage frame count: [0.50 GB-1.00 GB]: 981735 frames
      Requested Block Size 16.0 MB
      Peak Block count 23
      Peak Allocated memory 0.63 GB
      Peak Large allocation bytes 335.6 MB
    [ALLOC_DEFAULT_THREAD]
      Peak usage frame count: [32.0 MB-64.0 MB]: 981686 frames, [64.0 MB-128.0 MB]: 49 frames
      Requested Block Size 16.0 MB
      Peak Block count 4
      Peak Allocated memory 107.9 MB
      Peak Large allocation bytes 55.4 MB
[ALLOC_TEMP_JOB_1_FRAME]
  Initial Block Size 2.0 MB
  Used Block Count 1
  Overflow Count (too large) 0
  Overflow Count (full) 0
[ALLOC_TEMP_JOB_2_FRAMES]
  Initial Block Size 2.0 MB
  Used Block Count 1
  Overflow Count (too large) 0
  Overflow Count (full) 0
[ALLOC_TEMP_JOB_4_FRAMES (JobTemp)]
  Initial Block Size 2.0 MB
  Used Block Count 7
  Overflow Count (too large) 0
  Overflow Count (full) 0
[ALLOC_TEMP_JOB_ASYNC (Background)]
  Initial Block Size 1.0 MB
  Used Block Count 5
  Overflow Count (too large) 0
  Overflow Count (full) 0
[ALLOC_GFX] Dual Thread Allocator
  Peak main deferred allocation count 28
    [ALLOC_BUCKET]
      Large Block size 4.0 MB
      Used Block count 1
      Peak Allocated bytes 4.0 MB
      Failed Allocations. Bucket layout:
        16B: 4 Subsections = 4096 buckets. Failed count: 13817053
        32B: 5 Subsections = 2560 buckets. Failed count: 3497223
        48B: 33 Subsections = 11264 buckets. Failed count: 39388673
        64B: 117 Subsections = 29952 buckets. Failed count: 7354573
        80B: 91 Subsections = 18636 buckets. Failed count: 170501
        96B: 4 Subsections = 682 buckets. Failed count: 11139278
        112B: 1 Subsections = 146 buckets. Failed count: 631172
        128B: 1 Subsections = 128 buckets. Failed count: 2508120
    [ALLOC_GFX_MAIN]
      Peak usage frame count: [32.0 KB-64.0 KB]: 296 frames, [64.0 KB-128.0 KB]: 3254 frames, [256.0 KB-0.5 MB]: 3 frames, [0.5 MB-1.0 MB]: 16072 frames, [1.0 MB-2.0 MB]: 84998 frames, [2.0 MB-4.0 MB]: 435004 frames, [4.0 MB-8.0 MB]: 390550 frames, [8.0 MB-16.0 MB]: 51558 frames
      Requested Block Size 16.0 MB
      Peak Block count 2
      Peak Allocated memory 15.3 MB
      Peak Large allocation bytes 0 B
    [ALLOC_GFX_THREAD]
      Peak usage frame count: [64.0 KB-128.0 KB]: 26 frames, [256.0 KB-0.5 MB]: 3522 frames, [1.0 MB-2.0 MB]: 1 frames, [8.0 MB-16.0 MB]: 844691 frames, [16.0 MB-32.0 MB]: 133495 frames
      Requested Block Size 16.0 MB
      Peak Block count 2
      Peak Allocated memory 26.6 MB
      Peak Large allocation bytes 8.7 MB
[ALLOC_CACHEOBJECTS] Dual Thread Allocator
  Peak main deferred allocation count 3386
    [ALLOC_BUCKET]
      Large Block size 4.0 MB
      Used Block count 1
      Peak Allocated bytes 4.0 MB
      Failed Allocations. Bucket layout:
        16B: 4 Subsections = 4096 buckets. Failed count: 13817053
        32B: 5 Subsections = 2560 buckets. Failed count: 3497223
        48B: 33 Subsections = 11264 buckets. Failed count: 39388673
        64B: 117 Subsections = 29952 buckets. Failed count: 7354573
        80B: 91 Subsections = 18636 buckets. Failed count: 170501
        96B: 4 Subsections = 682 buckets. Failed count: 11139278
        112B: 1 Subsections = 146 buckets. Failed count: 631172
        128B: 1 Subsections = 128 buckets. Failed count: 2508120
    [ALLOC_CACHEOBJECTS_MAIN]
      Peak usage frame count: [32.0 MB-64.0 MB]: 3552 frames, [64.0 MB-128.0 MB]: 110 frames, [128.0 MB-256.0 MB]: 978073 frames
      Requested Block Size 4.0 MB
      Peak Block count 17
      Peak Allocated memory 157.5 MB
      Peak Large allocation bytes 99.2 MB
    [ALLOC_CACHEOBJECTS_THREAD]
      Peak usage frame count: [16.0 MB-32.0 MB]: 3547 frames, [32.0 MB-64.0 MB]: 2 frames, [64.0 MB-128.0 MB]: 978186 frames
      Requested Block Size 4.0 MB
      Peak Block count 30
      Peak Allocated memory 112.4 MB
      Peak Large allocation bytes 0 B
[ALLOC_TYPETREE] Dual Thread Allocator
  Peak main deferred allocation count 0
    [ALLOC_BUCKET]
      Large Block size 4.0 MB
      Used Block count 1
      Peak Allocated bytes 4.0 MB
      Failed Allocations. Bucket layout:
        16B: 4 Subsections = 4096 buckets. Failed count: 13817053
        32B: 5 Subsections = 2560 buckets. Failed count: 3497223
        48B: 33 Subsections = 11264 buckets. Failed count: 39388673
        64B: 117 Subsections = 29952 buckets. Failed count: 7354573
        80B: 91 Subsections = 18636 buckets. Failed count: 170501
        96B: 4 Subsections = 682 buckets. Failed count: 11139278
        112B: 1 Subsections = 146 buckets. Failed count: 631172
        128B: 1 Subsections = 128 buckets. Failed count: 2508120
    [ALLOC_TYPETREE_MAIN]
      Peak usage frame count: [16.0 KB-32.0 KB]: 297 frames, [32.0 KB-64.0 KB]: 3365 frames, [64.0 KB-128.0 KB]: 978073 frames
      Requested Block Size 2.0 MB
      Peak Block count 1
      Peak Allocated memory 100.7 KB
      Peak Large allocation bytes 0 B
    [ALLOC_TYPETREE_THREAD]
      Peak usage frame count: [256.0 KB-0.5 MB]: 981735 frames
      Requested Block Size 2.0 MB
      Peak Block count 1
      Peak Allocated memory 334.3 KB
      Peak Large allocation bytes 0 B
